make all --print-data-base --no-builtin-variables --no-builtin-rules --question
# GNU Make 3.81
# Copyright (C) 2006  Free Software Foundation, Inc.
# This is free software; see the source for copying conditions.
# There is NO warranty; not even for MERCHANTABILITY or FITNESS FOR A
# PARTICULAR PURPOSE.

# This program built for i386-apple-darwin11.3.0
 

# Make data base, printed on Sat Aug 13 19:20:46 2022

# Variables

# automatic
<D = $(patsubst %/,%,$(dir $<))
# automatic
?F = $(notdir $?)
# environment
ELECTRON_NO_ATTACH_CONSOLE = 1
# environment
NVM_INC = /Users/devahschaefers/.nvm/versions/node/v18.7.0/include/node
# automatic
?D = $(patsubst %/,%,$(dir $?))
# environment
CPPFLAGS = -I/usr/local/opt/openssl@1.1/include
# automatic
@D = $(patsubst %/,%,$(dir $@))
# automatic
@F = $(notdir $@)
# makefile
CURDIR := /Users/devahschaefers/Dev/c/rename
# makefile
SHELL = /bin/sh
# environment
VSCODE_NLS_CONFIG = {"locale":"en-us","availableLanguages":{},"_languagePackSupport":true}
# environment
_ = /usr/bin/make
# makefile (from `Makefile', line 2)
CFLAGS = -Wall -Wextra -Werror -std=c99
# makefile (from `Makefile', line 1)
MAKEFILE_LIST :=  Makefile
# makefile (from `Makefile', line 5)
OBJECT_FILES = main.o error_handling_rn.o
# environment
__CFBundleIdentifier = com.microsoft.VSCode
# environment
P9K_SSH = 0
# environment
VSCODE_CWD = /Users/devahschaefers/Dev/c/rename
# environment
PATH = /Users/devahschaefers/.nvm/versions/node/v18.7.0/bin:/usr/local/Cellar/openssl@1.1/1.1.1q/bin:/opt/local/bin:/opt/local/sbin:/usr/local/bin:/usr/bin:/bin:/usr/sbin:/sbin:/opt/X11/bin:/Library/Apple/usr/bin:/Users/devahschaefers/.cargo/bin:/opt/local/bin:/Users/devahschaefers/Dev/PATHBIN:/Users/devahschaefers/Library/Python/3.8/bin
# environment
LSCOLORS = Gxfxcxdxbxegedabagacad
# environment
OPENSSL_ROOT_DIR = /usr/local/opt/openssl@1.1
# environment
NVM_BIN = /Users/devahschaefers/.nvm/versions/node/v18.7.0/bin
# environment
LaunchInstanceID = 8D944F04-7BEA-4795-B644-1A0497B74686
# environment
ELECTRON_RUN_AS_NODE = 1
# environment
LDFLAGS = -L/usr/local/opt/openssl/lib
# default
.FEATURES := target-specific order-only second-expansion else-if archives jobserver check-symlink
# environment
SSH_AUTH_SOCK = /private/tmp/com.apple.launchd.gH8ItZmUL2/Listeners
# automatic
%F = $(notdir $%)
# environment
DISPLAY = /private/tmp/com.apple.launchd.BFSIWWVeFO/org.xquartz:0
# environment
PWD = /Users/devahschaefers/Dev/C/rename
# environment
PKG_CONFIG_PATH = /usr/local/opt/openssl@1.1/lib/pkgconfig:
# environment
ORIGINAL_XDG_CURRENT_DESKTOP = undefined
# environment
VSCODE_AMD_ENTRYPOINT = vs/workbench/api/node/extensionHostProcess
# environment
HOME = /Users/devahschaefers
# default
MAKEFILEPATH = $(shell /usr/bin/xcode-select -print-path 2>/dev/null || echo /Developer)/Makefiles
# environment
VSCODE_CLI = 1
# environment
VSCODE_CODE_CACHE_PATH = /Users/devahschaefers/Library/Application Support/Code/CachedData/da76f93349a72022ca4670c1b84860304616aaa2
# environment
LOGNAME = devahschaefers
# environment
APPLICATION_INSIGHTS_NO_DIAGNOSTIC_CHANNEL = 1
# environment
NVM_CD_FLAGS = -q
# environment
ZSH = /Users/devahschaefers/.oh-my-zsh
# environment
VSCODE_HANDLES_UNCAUGHT_ERRORS = true
# automatic
^D = $(patsubst %/,%,$(dir $^))
# environment
XPC_FLAGS = 0x0
# environment
COLORTERM = truecolor
# default
MAKE = $(MAKE_COMMAND)
# environment
LC_TERMINAL = iTerm2
# environment
SHLVL = 3
# makefile (from `Makefile', line 1)
CC = gcc
# default
MAKE_VERSION := 3.81
# environment
USER = devahschaefers
# makefile
.DEFAULT_GOAL := all
# default
MAKECMDGOALS := all
# environment
TERM_SESSION_ID = w0t0p0:AD266A13-B0E9-406D-B31A-2B7DE00A6D47
# makefile (from `Makefile', line 3)
NAME = rn
# environment
LESS = -R
# automatic
%D = $(patsubst %/,%,$(dir $%))
# default
MAKE_COMMAND := /Library/Developer/CommandLineTools/usr/bin/make
# environment
TERM_PROGRAM = iTerm.app
# default
.VARIABLES := 
# environment
TMPDIR = /var/folders/w7/m16sy7bj07xdr_dx0r3r_bvm0000gn/T/
# automatic
*F = $(notdir $*)
# environment
VSCODE_IPC_HOOK = /Users/devahschaefers/Library/Application Support/Code/1.70.0-main.sock
# environment
MallocNanoZone = 0
# makefile
MAKEFLAGS = Rrqp
# environment
MFLAGS = -Rrqp
# automatic
*D = $(patsubst %/,%,$(dir $*))
# environment
TERM_PROGRAM_VERSION = 3.4.16
# environment
NVM_DIR = /Users/devahschaefers/.nvm
# environment
XPC_SERVICE_NAME = application.com.microsoft.VSCode.2744103.2744109.1D586B00-A3E0-41FC-9A50-7837FB9C8A1E
# environment
LC_TERMINAL_VERSION = 3.4.16
# automatic
+D = $(patsubst %/,%,$(dir $+))
# automatic
+F = $(notdir $+)
# environment
ITERM_SESSION_ID = w0t0p0:AD266A13-B0E9-406D-B31A-2B7DE00A6D47
# environment
COLORFGBG = 15;0
# environment
__CF_USER_TEXT_ENCODING = 0x1F5:0x0:0x0
# environment
COMMAND_MODE = unix2003
# default
MAKEFILES := 
# automatic
<F = $(notdir $<)
# environment
ITERM_PROFILE = Default
# environment
PAGER = less
# environment
LC_ALL = C
# environment
SECURITYSESSIONID = 186a4
# environment
P9K_TTY = old
# automatic
^F = $(notdir $^)
# default
SUFFIXES := 
# default
.INCLUDE_DIRS = /usr/local/include
# environment
MAKELEVEL := 0
# environment
LANG = C
# environment
TERM = xterm-256color
# environment
_P9K_TTY = /dev/ttys000
# environment
VSCODE_PID = 4271
# variable set hash-table stats:
# Load=92/1024=9%, Rehash=0, Collisions=4/121=3%

# Pattern-specific Variable Values

# No pattern-specific variable values.

# Directories

# . (device 16777220, inode 3784976): 14 files, no impossibilities.

# 14 files, no impossibilities in 1 directories.

# Implicit Rules

# No implicit rules.

# Files

all: error_handling_rn.o main.o
#  Command-line target.
#  Implicit rule search has not been done.
#  File does not exist.
#  File has been updated.
#  Needs to be updated (-q is set).
# variable set hash-table stats:
# Load=0/32=0%, Rehash=0, Collisions=0/4=0%
#  commands to execute (from `Makefile', line 7):
	$(CC) $(CFLAGS) -o $(NAME) $(OBJECT_FILES)
	

# Not a target:
main.c:
#  Implicit rule search has not been done.
#  Modification time never checked.
#  File has not been updated.

error_handling_rn.o: error_handling_rn.c
#  Implicit rule search has not been done.
#  Implicit/static pattern stem: `'
#  Last modified 2022-08-04 06:04:27
#  File has been updated.
#  Needs to be updated (-q is set).
# automatic
# @ := error_handling_rn.o
# automatic
# % := 
# automatic
# * := 
# automatic
# + := error_handling_rn.c
# automatic
# | := 
# automatic
# < := error_handling_rn.c
# automatic
# ^ := error_handling_rn.c
# automatic
# ? := error_handling_rn.c
# variable set hash-table stats:
# Load=8/32=25%, Rehash=0, Collisions=1/12=8%
#  commands to execute (from `Makefile', line 13):
	$(CC) $(CFLAGS) -c error_handling_rn.c -o error_handling_rn.o
	

# Not a target:
.SUFFIXES:
#  Implicit rule search has not been done.
#  Modification time never checked.
#  File has not been updated.

# Not a target:
Makefile:
#  Implicit rule search has been done.
#  Last modified 2022-08-04 05:38:49
#  File has been updated.
#  Successfully updated.
# variable set hash-table stats:
# Load=0/32=0%, Rehash=0, Collisions=0/0=0%

# Not a target:
error_handling_rn.c:
#  Implicit rule search has been done.
#  Last modified 2022-08-04 06:07:17
#  File has been updated.
#  Successfully updated.
# variable set hash-table stats:
# Load=0/32=0%, Rehash=0, Collisions=0/0=0%

# Not a target:
.DEFAULT:
#  Implicit rule search has not been done.
#  Modification time never checked.
#  File has not been updated.

main.o: main.c
#  Implicit rule search has not been done.
#  Modification time never checked.
#  File has not been updated.
#  commands to execute (from `Makefile', line 10):
	$(CC) $(CFLAGS) -c main.c -o main.o
	

# files hash-table stats:
# Load=8/1024=1%, Rehash=0, Collisions=0/26=0%
# VPATH Search Paths

# No `vpath' search paths.

# No general (`VPATH' variable) search path.

# # of strings in strcache: 1
# # of strcache buffers: 1
# strcache size: total = 4096 / max = 4096 / min = 4096 / avg = 4096
# strcache free: total = 4087 / max = 4087 / min = 4087 / avg = 4087

# Finished Make data base on Sat Aug 13 19:20:46 2022

 
